[1.382s] Invoking command in '/home/cae/ros2_ws/src/stairs_depth/build/stairs_depth': PYTHONPATH=/home/cae/ros2_ws/src/stairs_depth/build/stairs_depth/prefix_override:/home/cae/ros2_ws/src/stairs_depth/install/stairs_depth/lib/python3.10/site-packages:${PYTHONPATH} /usr/bin/python3 setup.py develop --editable --build-directory /home/cae/ros2_ws/src/stairs_depth/build/stairs_depth/build --no-deps install_data
[1.775s] running develop
[1.775s] /home/cae/.local/lib/python3.10/site-packages/setuptools/command/develop.py:40: EasyInstallDeprecationWarning: easy_install command is deprecated.
[1.775s] !!
[1.775s] 
[1.776s]         ********************************************************************************
[1.776s]         Please avoid running ``setup.py`` and ``easy_install``.
[1.776s]         Instead, use pypa/build, pypa/installer or other
[1.776s]         standards-based tools.
[1.776s] 
[1.776s]         See https://github.com/pypa/setuptools/issues/917 for details.
[1.776s]         ********************************************************************************
[1.776s] 
[1.776s] !!
[1.776s]   easy_install.initialize_options(self)
[1.825s] /home/cae/.local/lib/python3.10/site-packages/setuptools/_distutils/cmd.py:66: SetuptoolsDeprecationWarning: setup.py install is deprecated.
[1.825s] !!
[1.825s] 
[1.825s]         ********************************************************************************
[1.826s]         Please avoid running ``setup.py`` directly.
[1.826s]         Instead, use pypa/build, pypa/installer or other
[1.826s]         standards-based tools.
[1.826s] 
[1.826s]         See https://blog.ganssle.io/articles/2021/10/setup-py-deprecated.html for details.
[1.826s]         ********************************************************************************
[1.826s] 
[1.826s] !!
[1.826s]   self.initialize_options()
[2.108s] running egg_info
[2.108s] creating stairs_depth.egg-info
[2.134s] writing stairs_depth.egg-info/PKG-INFO
[2.135s] writing dependency_links to stairs_depth.egg-info/dependency_links.txt
[2.135s] writing entry points to stairs_depth.egg-info/entry_points.txt
[2.135s] writing requirements to stairs_depth.egg-info/requires.txt
[2.135s] writing top-level names to stairs_depth.egg-info/top_level.txt
[2.136s] writing manifest file 'stairs_depth.egg-info/SOURCES.txt'
[2.187s] reading manifest file 'stairs_depth.egg-info/SOURCES.txt'
[2.187s] writing manifest file 'stairs_depth.egg-info/SOURCES.txt'
[2.247s] running build_ext
[2.247s] Creating /home/cae/ros2_ws/src/stairs_depth/install/stairs_depth/lib/python3.10/site-packages/stairs-depth.egg-link (link to .)
[2.248s] Installing stairs_depth script to /home/cae/ros2_ws/src/stairs_depth/install/stairs_depth/lib/stairs_depth
[2.248s] 
[2.248s] Installed /home/cae/ros2_ws/src/stairs_depth/build/stairs_depth
[2.248s] running install_data
[2.248s] creating /home/cae/ros2_ws/src/stairs_depth/install/stairs_depth/share/ament_index
[2.249s] creating /home/cae/ros2_ws/src/stairs_depth/install/stairs_depth/share/ament_index/resource_index
[2.249s] creating /home/cae/ros2_ws/src/stairs_depth/install/stairs_depth/share/ament_index/resource_index/packages
[2.249s] copying resource/stairs_depth -> /home/cae/ros2_ws/src/stairs_depth/install/stairs_depth/share/ament_index/resource_index/packages
[2.249s] copying package.xml -> /home/cae/ros2_ws/src/stairs_depth/install/stairs_depth/share/stairs_depth
[2.291s] Invoked command in '/home/cae/ros2_ws/src/stairs_depth/build/stairs_depth' returned '0': PYTHONPATH=/home/cae/ros2_ws/src/stairs_depth/build/stairs_depth/prefix_override:/home/cae/ros2_ws/src/stairs_depth/install/stairs_depth/lib/python3.10/site-packages:${PYTHONPATH} /usr/bin/python3 setup.py develop --editable --build-directory /home/cae/ros2_ws/src/stairs_depth/build/stairs_depth/build --no-deps install_data
