[1.447s] [34mcolcon[0m [1;30mDEBUG[0m [32mCommand line arguments: ['/usr/bin/colcon', 'build', '--symlink-install'][0m
[1.447s] [34mcolcon[0m [1;30mDEBUG[0m [32mParsed command line arguments: Namespace(log_base=None, log_level=None, verb_name='build', build_base='build', install_base='install', merge_install=False, symlink_install=True, test_result_base=None, continue_on_error=False, executor='parallel', parallel_workers=8, event_handlers=None, ignore_user_meta=False, metas=['./colcon.meta'], base_paths=['.'], packages_ignore=None, packages_ignore_regex=None, paths=None, packages_up_to=None, packages_up_to_regex=None, packages_above=None, packages_above_and_dependencies=None, packages_above_depth=None, packages_select_by_dep=None, packages_skip_by_dep=None, packages_skip_up_to=None, packages_select_build_failed=False, packages_skip_build_finished=False, packages_select_test_failures=False, packages_skip_test_passed=False, packages_select=None, packages_skip=None, packages_select_regex=None, packages_skip_regex=None, packages_start=None, packages_end=None, allow_overriding=[], cmake_args=None, cmake_target=None, cmake_target_skip_unavailable=False, cmake_clean_cache=False, cmake_clean_first=False, cmake_force_configure=False, ament_cmake_args=None, catkin_cmake_args=None, catkin_skip_building_tests=False, verb_parser=<colcon_defaults.argument_parser.defaults.DefaultArgumentsDecorator object at 0x78539919c640>, verb_extension=<colcon_core.verb.build.BuildVerb object at 0x785399315a50>, main=<bound method BuildVerb.main of <colcon_core.verb.build.BuildVerb object at 0x785399315a50>>)[0m
[1.529s] [34mcolcon.colcon_core.package_discovery[0m [1;30mLevel 1[0m discover_packages(colcon_meta) check parameters
[1.530s] [34mcolcon.colcon_core.package_discovery[0m [1;30mLevel 1[0m discover_packages(recursive) check parameters
[1.530s] [34mcolcon.colcon_core.package_discovery[0m [1;30mLevel 1[0m discover_packages(ignore) check parameters
[1.530s] [34mcolcon.colcon_core.package_discovery[0m [1;30mLevel 1[0m discover_packages(path) check parameters
[1.530s] [34mcolcon.colcon_core.package_discovery[0m [1;30mLevel 1[0m discover_packages(colcon_meta) discover
[1.530s] [34mcolcon.colcon_core.package_discovery[0m [1;30mLevel 1[0m discover_packages(recursive) discover
[1.530s] [34mcolcon.colcon_core.package_discovery[0m [1;30mINFO[0m Crawling recursively for packages in '/home/cae/ros2_ws/src/stairs_depth'
[1.530s] [34mcolcon.colcon_core.package_identification[0m [1;30mLevel 1[0m _identify(.) by extensions ['ignore', 'ignore_ament_install']
[1.530s] [34mcolcon.colcon_core.package_identification[0m [1;30mLevel 1[0m _identify(.) by extension 'ignore'
[1.530s] [34mcolcon.colcon_core.package_identification[0m [1;30mLevel 1[0m _identify(.) by extension 'ignore_ament_install'
[1.530s] [34mcolcon.colcon_core.package_identification[0m [1;30mLevel 1[0m _identify(.) by extensions ['colcon_pkg']
[1.530s] [34mcolcon.colcon_core.package_identification[0m [1;30mLevel 1[0m _identify(.) by extension 'colcon_pkg'
[1.530s] [34mcolcon.colcon_core.package_identification[0m [1;30mLevel 1[0m _identify(.) by extensions ['colcon_meta']
[1.530s] [34mcolcon.colcon_core.package_identification[0m [1;30mLevel 1[0m _identify(.) by extension 'colcon_meta'
[1.530s] [34mcolcon.colcon_core.package_identification[0m [1;30mLevel 1[0m _identify(.) by extensions ['ros']
[1.530s] [34mcolcon.colcon_core.package_identification[0m [1;30mLevel 1[0m _identify(.) by extension 'ros'
[1.543s] [34mcolcon.colcon_core.package_identification[0m [1;30mDEBUG[0m [32mPackage '.' with type 'ros.ament_python' and name 'stairs_depth'[0m
[1.543s] [34mcolcon.colcon_core.package_discovery[0m [1;30mLevel 1[0m discover_packages(recursive) using defaults
[1.543s] [34mcolcon.colcon_core.package_discovery[0m [1;30mLevel 1[0m discover_packages(ignore) discover
[1.543s] [34mcolcon.colcon_core.package_discovery[0m [1;30mLevel 1[0m discover_packages(ignore) using defaults
[1.543s] [34mcolcon.colcon_core.package_discovery[0m [1;30mLevel 1[0m discover_packages(path) discover
[1.543s] [34mcolcon.colcon_core.package_discovery[0m [1;30mLevel 1[0m discover_packages(path) using defaults
[1.669s] [34mcolcon.colcon_core.package_discovery[0m [1;30mLevel 1[0m discover_packages(prefix_path) check parameters
[1.669s] [34mcolcon.colcon_core.package_discovery[0m [1;30mLevel 1[0m discover_packages(prefix_path) discover
[1.716s] [34mcolcon.colcon_installed_package_information.package_discovery[0m [1;30mDEBUG[0m [32mFound 6 installed packages in /home/cae/ros2_ws/install[0m
[1.741s] [34mcolcon.colcon_installed_package_information.package_discovery[0m [1;30mDEBUG[0m [32mFound 294 installed packages in /opt/ros/humble[0m
[1.742s] [34mcolcon.colcon_core.package_discovery[0m [1;30mLevel 1[0m discover_packages(prefix_path) using defaults
[1.832s] [34mcolcon.colcon_core.verb[0m [1;30mLevel 5[0m set package 'stairs_depth' build argument 'cmake_args' from command line to 'None'
[1.833s] [34mcolcon.colcon_core.verb[0m [1;30mLevel 5[0m set package 'stairs_depth' build argument 'cmake_target' from command line to 'None'
[1.833s] [34mcolcon.colcon_core.verb[0m [1;30mLevel 5[0m set package 'stairs_depth' build argument 'cmake_target_skip_unavailable' from command line to 'False'
[1.833s] [34mcolcon.colcon_core.verb[0m [1;30mLevel 5[0m set package 'stairs_depth' build argument 'cmake_clean_cache' from command line to 'False'
[1.833s] [34mcolcon.colcon_core.verb[0m [1;30mLevel 5[0m set package 'stairs_depth' build argument 'cmake_clean_first' from command line to 'False'
[1.833s] [34mcolcon.colcon_core.verb[0m [1;30mLevel 5[0m set package 'stairs_depth' build argument 'cmake_force_configure' from command line to 'False'
[1.833s] [34mcolcon.colcon_core.verb[0m [1;30mLevel 5[0m set package 'stairs_depth' build argument 'ament_cmake_args' from command line to 'None'
[1.833s] [34mcolcon.colcon_core.verb[0m [1;30mLevel 5[0m set package 'stairs_depth' build argument 'catkin_cmake_args' from command line to 'None'
[1.833s] [34mcolcon.colcon_core.verb[0m [1;30mLevel 5[0m set package 'stairs_depth' build argument 'catkin_skip_building_tests' from command line to 'False'
[1.833s] [34mcolcon.colcon_core.verb[0m [1;30mDEBUG[0m [32mBuilding package 'stairs_depth' with the following arguments: {'ament_cmake_args': None, 'build_base': '/home/cae/ros2_ws/src/stairs_depth/build/stairs_depth', 'catkin_cmake_args': None, 'catkin_skip_building_tests': False, 'cmake_args': None, 'cmake_clean_cache': False, 'cmake_clean_first': False, 'cmake_force_configure': False, 'cmake_target': None, 'cmake_target_skip_unavailable': False, 'install_base': '/home/cae/ros2_ws/src/stairs_depth/install/stairs_depth', 'merge_install': False, 'path': '/home/cae/ros2_ws/src/stairs_depth', 'symlink_install': True, 'test_result_base': None}[0m
[1.857s] [34mcolcon.colcon_core.executor[0m [1;30mINFO[0m Executing jobs using 'parallel' executor
[1.888s] [34mcolcon.colcon_parallel_executor.executor.parallel[0m [1;30mDEBUG[0m [32mrun_until_complete[0m
[1.889s] [34mcolcon.colcon_ros.task.ament_python.build[0m [1;30mINFO[0m Building ROS package in '/home/cae/ros2_ws/src/stairs_depth' with build type 'ament_python'
[1.889s] [34mcolcon.colcon_core.shell[0m [1;30mLevel 1[0m create_environment_hook('stairs_depth', 'ament_prefix_path')
[1.916s] [34mcolcon.colcon_core.plugin_system[0m [1;30mINFO[0m Skipping extension 'colcon_core.shell.bat': Not used on non-Windows systems
[1.917s] [34mcolcon.colcon_core.shell[0m [1;30mINFO[0m Creating environment hook '/home/cae/ros2_ws/src/stairs_depth/install/stairs_depth/share/stairs_depth/hook/ament_prefix_path.ps1'
[1.917s] [34mcolcon.colcon_core.shell[0m [1;30mINFO[0m Creating environment descriptor '/home/cae/ros2_ws/src/stairs_depth/install/stairs_depth/share/stairs_depth/hook/ament_prefix_path.dsv'
[1.918s] [34mcolcon.colcon_core.shell[0m [1;30mINFO[0m Creating environment hook '/home/cae/ros2_ws/src/stairs_depth/install/stairs_depth/share/stairs_depth/hook/ament_prefix_path.sh'
[1.947s] [34mcolcon.colcon_core.shell[0m [1;30mINFO[0m Skip shell extension 'powershell' for command environment: Not usable outside of PowerShell
[1.947s] [34mcolcon.colcon_core.shell[0m [1;30mDEBUG[0m [32mSkip shell extension 'dsv' for command environment[0m
[2.314s] [34mcolcon.colcon_core.task.python.build[0m [1;30mINFO[0m Building Python package in '/home/cae/ros2_ws/src/stairs_depth'
[2.339s] [34mcolcon.colcon_core.shell[0m [1;30mINFO[0m Skip shell extension 'powershell' for command environment: Not usable outside of PowerShell
[2.339s] [34mcolcon.colcon_core.shell[0m [1;30mDEBUG[0m [32mSkip shell extension 'dsv' for command environment[0m
[3.271s] [34mcolcon.colcon_core.event_handler.log_command[0m [1;30mDEBUG[0m [32mInvoking command in '/home/cae/ros2_ws/src/stairs_depth/build/stairs_depth': PYTHONPATH=/home/cae/ros2_ws/src/stairs_depth/build/stairs_depth/prefix_override:/home/cae/ros2_ws/src/stairs_depth/install/stairs_depth/lib/python3.10/site-packages:${PYTHONPATH} /usr/bin/python3 setup.py develop --editable --build-directory /home/cae/ros2_ws/src/stairs_depth/build/stairs_depth/build --no-deps install_data[0m
[4.179s] [34mcolcon.colcon_core.shell[0m [1;30mLevel 1[0m create_environment_hook('stairs_depth', 'pythonpath_develop')
[4.180s] [34mcolcon.colcon_core.event_handler.log_command[0m [1;30mDEBUG[0m [32mInvoked command in '/home/cae/ros2_ws/src/stairs_depth/build/stairs_depth' returned '0': PYTHONPATH=/home/cae/ros2_ws/src/stairs_depth/build/stairs_depth/prefix_override:/home/cae/ros2_ws/src/stairs_depth/install/stairs_depth/lib/python3.10/site-packages:${PYTHONPATH} /usr/bin/python3 setup.py develop --editable --build-directory /home/cae/ros2_ws/src/stairs_depth/build/stairs_depth/build --no-deps install_data[0m
[4.208s] [34mcolcon.colcon_core.shell[0m [1;30mINFO[0m Creating environment hook '/home/cae/ros2_ws/src/stairs_depth/build/stairs_depth/share/stairs_depth/hook/pythonpath_develop.ps1'
[4.209s] [34mcolcon.colcon_core.shell[0m [1;30mINFO[0m Creating environment descriptor '/home/cae/ros2_ws/src/stairs_depth/build/stairs_depth/share/stairs_depth/hook/pythonpath_develop.dsv'
[4.209s] [34mcolcon.colcon_core.shell[0m [1;30mINFO[0m Creating environment hook '/home/cae/ros2_ws/src/stairs_depth/build/stairs_depth/share/stairs_depth/hook/pythonpath_develop.sh'
[4.242s] [34mcolcon.colcon_core.environment[0m [1;30mLevel 1[0m checking '/home/cae/ros2_ws/src/stairs_depth/install/stairs_depth' for CMake module files
[4.242s] [34mcolcon.colcon_core.environment[0m [1;30mLevel 1[0m checking '/home/cae/ros2_ws/src/stairs_depth/install/stairs_depth' for CMake config files
[4.243s] [34mcolcon.colcon_core.environment[0m [1;30mLevel 1[0m checking '/home/cae/ros2_ws/src/stairs_depth/install/stairs_depth/lib'
[4.243s] [34mcolcon.colcon_core.environment[0m [1;30mLevel 1[0m checking '/home/cae/ros2_ws/src/stairs_depth/install/stairs_depth/bin'
[4.243s] [34mcolcon.colcon_core.environment[0m [1;30mLevel 1[0m checking '/home/cae/ros2_ws/src/stairs_depth/install/stairs_depth/lib/pkgconfig/stairs_depth.pc'
[4.243s] [34mcolcon.colcon_core.environment[0m [1;30mLevel 1[0m checking '/home/cae/ros2_ws/src/stairs_depth/install/stairs_depth/lib/python3.10/site-packages'
[4.243s] [34mcolcon.colcon_core.shell[0m [1;30mLevel 1[0m create_environment_hook('stairs_depth', 'pythonpath')
[4.268s] [34mcolcon.colcon_core.shell[0m [1;30mINFO[0m Creating environment hook '/home/cae/ros2_ws/src/stairs_depth/install/stairs_depth/share/stairs_depth/hook/pythonpath.ps1'
[4.269s] [34mcolcon.colcon_core.shell[0m [1;30mINFO[0m Creating environment descriptor '/home/cae/ros2_ws/src/stairs_depth/install/stairs_depth/share/stairs_depth/hook/pythonpath.dsv'
[4.269s] [34mcolcon.colcon_core.shell[0m [1;30mINFO[0m Creating environment hook '/home/cae/ros2_ws/src/stairs_depth/install/stairs_depth/share/stairs_depth/hook/pythonpath.sh'
[4.269s] [34mcolcon.colcon_core.environment[0m [1;30mLevel 1[0m checking '/home/cae/ros2_ws/src/stairs_depth/install/stairs_depth/bin'
[4.269s] [34mcolcon.colcon_core.environment[0m [1;30mLevel 1[0m create_environment_scripts_only(stairs_depth)
[4.295s] [34mcolcon.colcon_core.shell[0m [1;30mINFO[0m Creating package script '/home/cae/ros2_ws/src/stairs_depth/install/stairs_depth/share/stairs_depth/package.ps1'
[4.296s] [34mcolcon.colcon_core.shell[0m [1;30mINFO[0m Creating package descriptor '/home/cae/ros2_ws/src/stairs_depth/install/stairs_depth/share/stairs_depth/package.dsv'
[4.297s] [34mcolcon.colcon_core.shell[0m [1;30mINFO[0m Creating package script '/home/cae/ros2_ws/src/stairs_depth/install/stairs_depth/share/stairs_depth/package.sh'
[4.298s] [34mcolcon.colcon_core.shell[0m [1;30mINFO[0m Creating package script '/home/cae/ros2_ws/src/stairs_depth/install/stairs_depth/share/stairs_depth/package.bash'
[4.298s] [34mcolcon.colcon_core.shell[0m [1;30mINFO[0m Creating package script '/home/cae/ros2_ws/src/stairs_depth/install/stairs_depth/share/stairs_depth/package.zsh'
[4.299s] [34mcolcon.colcon_core.environment[0m [1;30mLevel 1[0m create_file_with_runtime_dependencies(/home/cae/ros2_ws/src/stairs_depth/install/stairs_depth/share/colcon-core/packages/stairs_depth)
[4.299s] [34mcolcon.colcon_parallel_executor.executor.parallel[0m [1;30mDEBUG[0m [32mclosing loop[0m
[4.299s] [34mcolcon.colcon_parallel_executor.executor.parallel[0m [1;30mDEBUG[0m [32mloop closed[0m
[4.299s] [34mcolcon.colcon_parallel_executor.executor.parallel[0m [1;30mDEBUG[0m [32mrun_until_complete finished with '0'[0m
[4.300s] [34mcolcon.colcon_core.event_reactor[0m [1;30mDEBUG[0m [32mjoining thread[0m
[4.337s] [34mcolcon.colcon_core.plugin_system[0m [1;30mINFO[0m Skipping extension 'colcon_notification.desktop_notification.terminal_notifier': Not used on non-Darwin systems
[4.337s] [34mcolcon.colcon_core.plugin_system[0m [1;30mINFO[0m Skipping extension 'colcon_notification.desktop_notification.win32': Not used on non-Windows systems
[4.337s] [34mcolcon.colcon_notification.desktop_notification[0m [1;30mINFO[0m Sending desktop notification using 'notify2'
[4.347s] [34mcolcon.colcon_core.event_reactor[0m [1;30mDEBUG[0m [32mjoined thread[0m
[4.372s] [34mcolcon.colcon_core.shell[0m [1;30mINFO[0m Creating prefix script '/home/cae/ros2_ws/src/stairs_depth/install/local_setup.ps1'
[4.372s] [34mcolcon.colcon_core.shell[0m [1;30mINFO[0m Creating prefix util module '/home/cae/ros2_ws/src/stairs_depth/install/_local_setup_util_ps1.py'
[4.373s] [34mcolcon.colcon_core.shell[0m [1;30mINFO[0m Creating prefix chain script '/home/cae/ros2_ws/src/stairs_depth/install/setup.ps1'
[4.399s] [34mcolcon.colcon_core.shell[0m [1;30mINFO[0m Creating prefix script '/home/cae/ros2_ws/src/stairs_depth/install/local_setup.sh'
[4.399s] [34mcolcon.colcon_core.shell[0m [1;30mINFO[0m Creating prefix util module '/home/cae/ros2_ws/src/stairs_depth/install/_local_setup_util_sh.py'
[4.399s] [34mcolcon.colcon_core.shell[0m [1;30mINFO[0m Creating prefix chain script '/home/cae/ros2_ws/src/stairs_depth/install/setup.sh'
[4.427s] [34mcolcon.colcon_core.shell[0m [1;30mINFO[0m Creating prefix script '/home/cae/ros2_ws/src/stairs_depth/install/local_setup.bash'
[4.428s] [34mcolcon.colcon_core.shell[0m [1;30mINFO[0m Creating prefix chain script '/home/cae/ros2_ws/src/stairs_depth/install/setup.bash'
[4.455s] [34mcolcon.colcon_core.shell[0m [1;30mINFO[0m Creating prefix script '/home/cae/ros2_ws/src/stairs_depth/install/local_setup.zsh'
[4.455s] [34mcolcon.colcon_core.shell[0m [1;30mINFO[0m Creating prefix chain script '/home/cae/ros2_ws/src/stairs_depth/install/setup.zsh'
