running develop
/home/cae/.local/lib/python3.10/site-packages/setuptools/command/develop.py:40: EasyInstallDeprecationWarning: easy_install command is deprecated.
!!

        ********************************************************************************
        Please avoid running ``setup.py`` and ``easy_install``.
        Instead, use pypa/build, pypa/installer or other
        standards-based tools.

        See https://github.com/pypa/setuptools/issues/917 for details.
        ********************************************************************************

!!
  easy_install.initialize_options(self)
/home/cae/.local/lib/python3.10/site-packages/setuptools/_distutils/cmd.py:66: SetuptoolsDeprecationWarning: setup.py install is deprecated.
!!

        ********************************************************************************
        Please avoid running ``setup.py`` directly.
        Instead, use pypa/build, pypa/installer or other
        standards-based tools.

        See https://blog.ganssle.io/articles/2021/10/setup-py-deprecated.html for details.
        ********************************************************************************

!!
  self.initialize_options()
running egg_info
writing stairs_depth.egg-info/PKG-INFO
writing dependency_links to stairs_depth.egg-info/dependency_links.txt
writing entry points to stairs_depth.egg-info/entry_points.txt
writing requirements to stairs_depth.egg-info/requires.txt
writing top-level names to stairs_depth.egg-info/top_level.txt
reading manifest file 'stairs_depth.egg-info/SOURCES.txt'
writing manifest file 'stairs_depth.egg-info/SOURCES.txt'
running build_ext
Creating /home/cae/ros2_ws/src/stairs_depth/install/stairs_depth/lib/python3.10/site-packages/stairs-depth.egg-link (link to .)
Installing stairs_depth script to /home/cae/ros2_ws/src/stairs_depth/install/stairs_depth/lib/stairs_depth

Installed /home/cae/ros2_ws/src/stairs_depth/build/stairs_depth
running install_data
copying resource/stairs_depth -> /home/cae/ros2_ws/src/stairs_depth/install/stairs_depth/share/ament_index/resource_index/packages
copying package.xml -> /home/cae/ros2_ws/src/stairs_depth/install/stairs_depth/share/stairs_depth
